TN:
SF:fizzbuzz.js
FN:1,fizzbuzz
FN:21,print
FNF:2
FNH:2
FNDA:21,fizzbuzz
FNDA:1,print
DA:1,21
DA:2,21
DA:3,21
DA:4,1
DA:5,1
DA:6,20
DA:7,21
DA:8,2
DA:9,2
DA:10,18
DA:11,21
DA:12,5
DA:13,5
DA:14,21
DA:15,3
DA:16,3
DA:17,10
DA:18,10
DA:19,10
DA:20,1
DA:21,1
DA:22,1
DA:23,17
DA:24,17
DA:25,1
DA:26,1
DA:27,1
DA:28,1
DA:29,1
DA:30,1
DA:31,1
DA:32,1
DA:33,1
DA:34,1
DA:35,1
DA:36,1
DA:37,1
DA:38,1
DA:39,1
DA:40,1
DA:41,1
DA:42,1
DA:43,1
DA:44,1
DA:45,1
DA:46,1
DA:47,1
DA:48,1
DA:49,1
DA:50,1
DA:51,1
DA:52,1
DA:53,1
DA:54,1
DA:55,1
DA:56,1
DA:57,1
DA:58,1
DA:59,1
DA:60,1
DA:61,1
DA:62,1
DA:63,1
DA:64,1
DA:65,1
LF:65
LH:65
BRDA:1,0,0,21
BRDA:3,1,0,1
BRDA:5,2,0,20
BRDA:7,3,0,7
BRDA:7,4,0,2
BRDA:9,5,0,18
BRDA:11,6,0,5
BRDA:13,7,0,13
BRDA:14,8,0,3
BRDA:16,9,0,10
BRDA:21,10,0,1
BRDA:22,11,0,17
BRF:12
BRH:12
end_of_record
